/tmp/tmpXXEPKgPG.asm:
     1                          MODULE main_c
     2                          LINE 0, "src/main.c"
src/main.c:
                                
     1                          ;--------------------------------------------------------
     2                          ; File Created by SDCC : free open source ANSI-C Compiler
     3                          ; Version 4.2.0 #13081 (Linux)
     4                          ;--------------------------------------------------------
     5                          ; Processed by Z88DK
     6                          ;--------------------------------------------------------
     7                          
     8                          	EXTERN __divschar
     9                          	EXTERN __divschar_callee
    10                          	EXTERN __divsint
    11                          	EXTERN __divsint_callee
    12                          	EXTERN __divslong
    13                          	EXTERN __divslong_callee
    14                          	EXTERN __divslonglong
    15                          	EXTERN __divslonglong_callee
    16                          	EXTERN __divsuchar
    17                          	EXTERN __divsuchar_callee
    18                          	EXTERN __divuchar
    19                          	EXTERN __divuchar_callee
    20                          	EXTERN __divuint
    21                          	EXTERN __divuint_callee
    22                          	EXTERN __divulong
    23                          	EXTERN __divulong_callee
    24                          	EXTERN __divulonglong
    25                          	EXTERN __divulonglong_callee
    26                          	EXTERN __divuschar
    27                          	EXTERN __divuschar_callee
    28                          	EXTERN __modschar
    29                          	EXTERN __modschar_callee
    30                          	EXTERN __modsint
    31                          	EXTERN __modsint_callee
    32                          	EXTERN __modslong
    33                          	EXTERN __modslong_callee
    34                          	EXTERN __modslonglong
    35                          	EXTERN __modslonglong_callee
    36                          	EXTERN __modsuchar
    37                          	EXTERN __modsuchar_callee
    38                          	EXTERN __moduchar
    39                          	EXTERN __moduchar_callee
    40                          	EXTERN __moduint
    41                          	EXTERN __moduint_callee
    42                          	EXTERN __modulong
    43                          	EXTERN __modulong_callee
    44                          	EXTERN __modulonglong
    45                          	EXTERN __modulonglong_callee
    46                          	EXTERN __moduschar
    47                          	EXTERN __moduschar_callee
    48                          	EXTERN __mulint
    49                          	EXTERN __mulint_callee
    50                          	EXTERN __mullong
    51                          	EXTERN __mullong_callee
    52                          	EXTERN __mullonglong
    53                          	EXTERN __mullonglong_callee
    54                          	EXTERN __mulschar
    55                          	EXTERN __mulschar_callee
    56                          	EXTERN __mulsuchar
    57                          	EXTERN __mulsuchar_callee
    58                          	EXTERN __muluchar
    59                          	EXTERN __muluchar_callee
    60                          	EXTERN __muluschar
    61                          	EXTERN __muluschar_callee
    62                          	EXTERN __rlslonglong
    63                          	EXTERN __rlslonglong_callee
    64                          	EXTERN __rlulonglong
    65                          	EXTERN __rlulonglong_callee
    66                          	EXTERN __rrslonglong
    67                          	EXTERN __rrslonglong_callee
    68                          	EXTERN __rrulonglong
    69                          	EXTERN __rrulonglong_callee
    70                          	EXTERN ___mulsint2slong
    71                          	EXTERN ___mulsint2slong_callee
    72                          	EXTERN ___muluint2ulong
    73                          	EXTERN ___muluint2ulong_callee
    74                          	EXTERN ___sdcc_call_hl
    75                          	EXTERN ___sdcc_call_iy
    76                          	EXTERN ___sdcc_enter_ix
    77                          	EXTERN banked_call
    78                          	EXTERN _banked_ret
    79                          	EXTERN ___fs2schar
    80                          	EXTERN ___fs2schar_callee
    81                          	EXTERN ___fs2sint
    82                          	EXTERN ___fs2sint_callee
    83                          	EXTERN ___fs2slong
    84                          	EXTERN ___fs2slong_callee
    85                          	EXTERN ___fs2slonglong
    86                          	EXTERN ___fs2slonglong_callee
    87                          	EXTERN ___fs2uchar
    88                          	EXTERN ___fs2uchar_callee
    89                          	EXTERN ___fs2uint
    90                          	EXTERN ___fs2uint_callee
    91                          	EXTERN ___fs2ulong
    92                          	EXTERN ___fs2ulong_callee
    93                          	EXTERN ___fs2ulonglong
    94                          	EXTERN ___fs2ulonglong_callee
    95                          	EXTERN ___fsadd
    96                          	EXTERN ___fsadd_callee
    97                          	EXTERN ___fsdiv
    98                          	EXTERN ___fsdiv_callee
    99                          	EXTERN ___fseq
   100                          	EXTERN ___fseq_callee
   101                          	EXTERN ___fsgt
   102                          	EXTERN ___fsgt_callee
   103                          	EXTERN ___fslt
   104                          	EXTERN ___fslt_callee
   105                          	EXTERN ___fsmul
   106                          	EXTERN ___fsmul_callee
   107                          	EXTERN ___fsneq
   108                          	EXTERN ___fsneq_callee
   109                          	EXTERN ___fssub
   110                          	EXTERN ___fssub_callee
   111                          	EXTERN ___schar2fs
   112                          	EXTERN ___schar2fs_callee
   113                          	EXTERN ___sint2fs
   114                          	EXTERN ___sint2fs_callee
   115                          	EXTERN ___slong2fs
   116                          	EXTERN ___slong2fs_callee
   117                          	EXTERN ___slonglong2fs
   118                          	EXTERN ___slonglong2fs_callee
   119                          	EXTERN ___uchar2fs
   120                          	EXTERN ___uchar2fs_callee
   121                          	EXTERN ___uint2fs
   122                          	EXTERN ___uint2fs_callee
   123                          	EXTERN ___ulong2fs
   124                          	EXTERN ___ulong2fs_callee
   125                          	EXTERN ___ulonglong2fs
   126                          	EXTERN ___ulonglong2fs_callee
   127                          	EXTERN ____sdcc_2_copy_src_mhl_dst_deix
   128                          	EXTERN ____sdcc_2_copy_src_mhl_dst_bcix
   129                          	EXTERN ____sdcc_4_copy_src_mhl_dst_deix
   130                          	EXTERN ____sdcc_4_copy_src_mhl_dst_bcix
   131                          	EXTERN ____sdcc_4_copy_src_mhl_dst_mbc
   132                          	EXTERN ____sdcc_4_ldi_nosave_bc
   133                          	EXTERN ____sdcc_4_ldi_save_bc
   134                          	EXTERN ____sdcc_4_push_hlix
   135                          	EXTERN ____sdcc_4_push_mhl
   136                          	EXTERN ____sdcc_lib_setmem_hl
   137                          	EXTERN ____sdcc_ll_add_de_bc_hl
   138                          	EXTERN ____sdcc_ll_add_de_bc_hlix
   139                          	EXTERN ____sdcc_ll_add_de_hlix_bc
   140                          	EXTERN ____sdcc_ll_add_de_hlix_bcix
   141                          	EXTERN ____sdcc_ll_add_deix_bc_hl
   142                          	EXTERN ____sdcc_ll_add_deix_hlix
   143                          	EXTERN ____sdcc_ll_add_hlix_bc_deix
   144                          	EXTERN ____sdcc_ll_add_hlix_deix_bc
   145                          	EXTERN ____sdcc_ll_add_hlix_deix_bcix
   146                          	EXTERN ____sdcc_ll_asr_hlix_a
   147                          	EXTERN ____sdcc_ll_asr_mbc_a
   148                          	EXTERN ____sdcc_ll_copy_src_de_dst_hlix
   149                          	EXTERN ____sdcc_ll_copy_src_de_dst_hlsp
   150                          	EXTERN ____sdcc_ll_copy_src_deix_dst_hl
   151                          	EXTERN ____sdcc_ll_copy_src_deix_dst_hlix
   152                          	EXTERN ____sdcc_ll_copy_src_deixm_dst_hlsp
   153                          	EXTERN ____sdcc_ll_copy_src_desp_dst_hlsp
   154                          	EXTERN ____sdcc_ll_copy_src_hl_dst_de
   155                          	EXTERN ____sdcc_ll_copy_src_hlsp_dst_de
   156                          	EXTERN ____sdcc_ll_copy_src_hlsp_dst_deixm
   157                          	EXTERN ____sdcc_ll_lsl_hlix_a
   158                          	EXTERN ____sdcc_ll_lsl_mbc_a
   159                          	EXTERN ____sdcc_ll_lsr_hlix_a
   160                          	EXTERN ____sdcc_ll_lsr_mbc_a
   161                          	EXTERN ____sdcc_ll_push_hlix
   162                          	EXTERN ____sdcc_ll_push_mhl
   163                          	EXTERN ____sdcc_ll_sub_de_bc_hl
   164                          	EXTERN ____sdcc_ll_sub_de_bc_hlix
   165                          	EXTERN ____sdcc_ll_sub_de_hlix_bc
   166                          	EXTERN ____sdcc_ll_sub_de_hlix_bcix
   167                          	EXTERN ____sdcc_ll_sub_deix_bc_hl
   168                          	EXTERN ____sdcc_ll_sub_deix_hlix
   169                          	EXTERN ____sdcc_ll_sub_hlix_bc_deix
   170                          	EXTERN ____sdcc_ll_sub_hlix_deix_bc
   171                          	EXTERN ____sdcc_ll_sub_hlix_deix_bcix
   172                          	EXTERN ____sdcc_load_debc_deix
   173                          	EXTERN ____sdcc_load_dehl_deix
   174                          	EXTERN ____sdcc_load_debc_mhl
   175                          	EXTERN ____sdcc_load_hlde_mhl
   176                          	EXTERN ____sdcc_store_dehl_bcix
   177                          	EXTERN ____sdcc_store_debc_hlix
   178                          	EXTERN ____sdcc_store_debc_mhl
   179                          	EXTERN ____sdcc_cpu_pop_ei
   180                          	EXTERN ____sdcc_cpu_pop_ei_jp
   181                          	EXTERN ____sdcc_cpu_push_di
   182                          	EXTERN ____sdcc_outi
   183                          	EXTERN ____sdcc_outi_128
   184                          	EXTERN ____sdcc_outi_256
   185                          	EXTERN ____sdcc_ldi
   186                          	EXTERN ____sdcc_ldi_128
   187                          	EXTERN ____sdcc_ldi_256
   188                          	EXTERN ____sdcc_4_copy_srcd_hlix_dst_deix
   189                          	EXTERN ____sdcc_4_and_src_mbc_mhl_dst_deix
   190                          	EXTERN ____sdcc_4_or_src_mbc_mhl_dst_deix
   191                          	EXTERN ____sdcc_4_xor_src_mbc_mhl_dst_deix
   192                          	EXTERN ____sdcc_4_or_src_dehl_dst_bcix
   193                          	EXTERN ____sdcc_4_xor_src_dehl_dst_bcix
   194                          	EXTERN ____sdcc_4_and_src_dehl_dst_bcix
   195                          	EXTERN ____sdcc_4_xor_src_mbc_mhl_dst_debc
   196                          	EXTERN ____sdcc_4_or_src_mbc_mhl_dst_debc
   197                          	EXTERN ____sdcc_4_and_src_mbc_mhl_dst_debc
   198                          	EXTERN ____sdcc_4_cpl_src_mhl_dst_debc
   199                          	EXTERN ____sdcc_4_xor_src_debc_mhl_dst_debc
   200                          	EXTERN ____sdcc_4_or_src_debc_mhl_dst_debc
   201                          	EXTERN ____sdcc_4_and_src_debc_mhl_dst_debc
   202                          	EXTERN ____sdcc_4_and_src_debc_hlix_dst_debc
   203                          	EXTERN ____sdcc_4_or_src_debc_hlix_dst_debc
   204                          	EXTERN ____sdcc_4_xor_src_debc_hlix_dst_debc
   205                          
   206                          ;--------------------------------------------------------
   207                          ; Public variables in this module
   208                          ;--------------------------------------------------------
   209                          	GLOBAL _main
   210                          ;--------------------------------------------------------
   211                          ; Externals used
   212                          ;--------------------------------------------------------
   213                          	GLOBAL _print
   214                          	GLOBAL _openScrChannel
   215                          	GLOBAL _ulltoa_callee
   216                          	GLOBAL _ulltoa
   217                          	GLOBAL _strtoull_callee
   218                          	GLOBAL _strtoull
   219                          	GLOBAL _strtoll_callee
   220                          	GLOBAL _strtoll
   221                          	GLOBAL _lltoa_callee
   222                          	GLOBAL _lltoa
   223                          	GLOBAL _llabs_callee
   224                          	GLOBAL _llabs
   225                          	GLOBAL __lldivu__callee
   226                          	GLOBAL __lldivu_
   227                          	GLOBAL __lldiv__callee
   228                          	GLOBAL __lldiv_
   229                          	GLOBAL _atoll_callee
   230                          	GLOBAL _atoll
   231                          	GLOBAL _realloc_unlocked_callee
   232                          	GLOBAL _realloc_unlocked
   233                          	GLOBAL _malloc_unlocked_fastcall
   234                          	GLOBAL _malloc_unlocked
   235                          	GLOBAL _free_unlocked_fastcall
   236                          	GLOBAL _free_unlocked
   237                          	GLOBAL _calloc_unlocked_callee
   238                          	GLOBAL _calloc_unlocked
   239                          	GLOBAL _aligned_alloc_unlocked_callee
   240                          	GLOBAL _aligned_alloc_unlocked
   241                          	GLOBAL _realloc_callee
   242                          	GLOBAL _realloc
   243                          	GLOBAL _malloc_fastcall
   244                          	GLOBAL _malloc
   245                          	GLOBAL _free_fastcall
   246                          	GLOBAL _free
   247                          	GLOBAL _calloc_callee
   248                          	GLOBAL _calloc
   249                          	GLOBAL _aligned_alloc_callee
   250                          	GLOBAL _aligned_alloc
   251                          	GLOBAL _utoa_callee
   252                          	GLOBAL _utoa
   253                          	GLOBAL _ultoa_callee
   254                          	GLOBAL _ultoa
   255                          	GLOBAL _system_fastcall
   256                          	GLOBAL _system
   257                          	GLOBAL _strtoul_callee
   258                          	GLOBAL _strtoul
   259                          	GLOBAL _strtol_callee
   260                          	GLOBAL _strtol
   261                          	GLOBAL _strtof_callee
   262                          	GLOBAL _strtof
   263                          	GLOBAL _strtod_callee
   264                          	GLOBAL _strtod
   265                          	GLOBAL _srand_fastcall
   266                          	GLOBAL _srand
   267                          	GLOBAL _rand
   268                          	GLOBAL _quick_exit_fastcall
   269                          	GLOBAL _quick_exit
   270                          	GLOBAL _qsort_callee
   271                          	GLOBAL _qsort
   272                          	GLOBAL _ltoa_callee
   273                          	GLOBAL _ltoa
   274                          	GLOBAL _labs_fastcall
   275                          	GLOBAL _labs
   276                          	GLOBAL _itoa_callee
   277                          	GLOBAL _itoa
   278                          	GLOBAL _ftoh_callee
   279                          	GLOBAL _ftoh
   280                          	GLOBAL _ftog_callee
   281                          	GLOBAL _ftog
   282                          	GLOBAL _ftoe_callee
   283                          	GLOBAL _ftoe
   284                          	GLOBAL _ftoa_callee
   285                          	GLOBAL _ftoa
   286                          	GLOBAL _exit_fastcall
   287                          	GLOBAL _exit
   288                          	GLOBAL _dtoh_callee
   289                          	GLOBAL _dtoh
   290                          	GLOBAL _dtog_callee
   291                          	GLOBAL _dtog
   292                          	GLOBAL _dtoe_callee
   293                          	GLOBAL _dtoe
   294                          	GLOBAL _dtoa_callee
   295                          	GLOBAL _dtoa
   296                          	GLOBAL _bsearch_callee
   297                          	GLOBAL _bsearch
   298                          	GLOBAL _atol_fastcall
   299                          	GLOBAL _atol
   300                          	GLOBAL _atoi_fastcall
   301                          	GLOBAL _atoi
   302                          	GLOBAL _atof_fastcall
   303                          	GLOBAL _atof
   304                          	GLOBAL _atexit_fastcall
   305                          	GLOBAL _atexit
   306                          	GLOBAL _at_quick_exit_fastcall
   307                          	GLOBAL _at_quick_exit
   308                          	GLOBAL _abs_fastcall
   309                          	GLOBAL _abs
   310                          	GLOBAL _abort
   311                          	GLOBAL __strtou__callee
   312                          	GLOBAL __strtou_
   313                          	GLOBAL __strtoi__callee
   314                          	GLOBAL __strtoi_
   315                          	GLOBAL __random_uniform_xor_8__fastcall
   316                          	GLOBAL __random_uniform_xor_8_
   317                          	GLOBAL __random_uniform_xor_32__fastcall
   318                          	GLOBAL __random_uniform_xor_32_
   319                          	GLOBAL __random_uniform_cmwc_8__fastcall
   320                          	GLOBAL __random_uniform_cmwc_8_
   321                          	GLOBAL __shellsort__callee
   322                          	GLOBAL __shellsort_
   323                          	GLOBAL __quicksort__callee
   324                          	GLOBAL __quicksort_
   325                          	GLOBAL __insertion_sort__callee
   326                          	GLOBAL __insertion_sort_
   327                          	GLOBAL __ldivu__callee
   328                          	GLOBAL __ldivu_
   329                          	GLOBAL __ldiv__callee
   330                          	GLOBAL __ldiv_
   331                          	GLOBAL __divu__callee
   332                          	GLOBAL __divu_
   333                          	GLOBAL __div__callee
   334                          	GLOBAL __div_
   335                          	GLOBAL _zx_pattern_fill_callee
   336                          	GLOBAL _zx_pattern_fill
   337                          	GLOBAL _zx_saddrpup_fastcall
   338                          	GLOBAL _zx_saddrpup
   339                          	GLOBAL _zx_saddrpright_callee
   340                          	GLOBAL _zx_saddrpright
   341                          	GLOBAL _zx_saddrpleft_callee
   342                          	GLOBAL _zx_saddrpleft
   343                          	GLOBAL _zx_saddrpdown_fastcall
   344                          	GLOBAL _zx_saddrpdown
   345                          	GLOBAL _zx_saddrcup_fastcall
   346                          	GLOBAL _zx_saddrcup
   347                          	GLOBAL _zx_saddrcright_fastcall
   348                          	GLOBAL _zx_saddrcright
   349                          	GLOBAL _zx_saddrcleft_fastcall
   350                          	GLOBAL _zx_saddrcleft
   351                          	GLOBAL _zx_saddrcdown_fastcall
   352                          	GLOBAL _zx_saddrcdown
   353                          	GLOBAL _zx_saddr2py_fastcall
   354                          	GLOBAL _zx_saddr2py
   355                          	GLOBAL _zx_saddr2px_fastcall
   356                          	GLOBAL _zx_saddr2px
   357                          	GLOBAL _zx_saddr2cy_fastcall
   358                          	GLOBAL _zx_saddr2cy
   359                          	GLOBAL _zx_saddr2cx_fastcall
   360                          	GLOBAL _zx_saddr2cx
   361                          	GLOBAL _zx_saddr2aaddr_fastcall
   362                          	GLOBAL _zx_saddr2aaddr
   363                          	GLOBAL _zx_py2saddr_fastcall
   364                          	GLOBAL _zx_py2saddr
   365                          	GLOBAL _zx_py2aaddr_fastcall
   366                          	GLOBAL _zx_py2aaddr
   367                          	GLOBAL _zx_pxy2saddr_callee
   368                          	GLOBAL _zx_pxy2saddr
   369                          	GLOBAL _zx_pxy2aaddr_callee
   370                          	GLOBAL _zx_pxy2aaddr
   371                          	GLOBAL _zx_px2bitmask_fastcall
   372                          	GLOBAL _zx_px2bitmask
   373                          	GLOBAL _zx_cy2saddr_fastcall
   374                          	GLOBAL _zx_cy2saddr
   375                          	GLOBAL _zx_cy2aaddr_fastcall
   376                          	GLOBAL _zx_cy2aaddr
   377                          	GLOBAL _zx_cxy2saddr_callee
   378                          	GLOBAL _zx_cxy2saddr
   379                          	GLOBAL _zx_cxy2aaddr_callee
   380                          	GLOBAL _zx_cxy2aaddr
   381                          	GLOBAL _zx_bitmask2px_fastcall
   382                          	GLOBAL _zx_bitmask2px
   383                          	GLOBAL _zx_aaddrcup_fastcall
   384                          	GLOBAL _zx_aaddrcup
   385                          	GLOBAL _zx_aaddrcright_fastcall
   386                          	GLOBAL _zx_aaddrcright
   387                          	GLOBAL _zx_aaddrcleft_fastcall
   388                          	GLOBAL _zx_aaddrcleft
   389                          	GLOBAL _zx_aaddrcdown_fastcall
   390                          	GLOBAL _zx_aaddrcdown
   391                          	GLOBAL _zx_aaddr2saddr_fastcall
   392                          	GLOBAL _zx_aaddr2saddr
   393                          	GLOBAL _zx_aaddr2py_fastcall
   394                          	GLOBAL _zx_aaddr2py
   395                          	GLOBAL _zx_aaddr2px_fastcall
   396                          	GLOBAL _zx_aaddr2px
   397                          	GLOBAL _zx_aaddr2cy_fastcall
   398                          	GLOBAL _zx_aaddr2cy
   399                          	GLOBAL _zx_aaddr2cx_fastcall
   400                          	GLOBAL _zx_aaddr2cx
   401                          	GLOBAL _zx_visit_wc_pix_callee
   402                          	GLOBAL _zx_visit_wc_pix
   403                          	GLOBAL _zx_visit_wc_attr_callee
   404                          	GLOBAL _zx_visit_wc_attr
   405                          	GLOBAL _zx_scroll_wc_up_pix_callee
   406                          	GLOBAL _zx_scroll_wc_up_pix
   407                          	GLOBAL _zx_scroll_wc_up_attr_callee
   408                          	GLOBAL _zx_scroll_wc_up_attr
   409                          	GLOBAL _zx_scroll_wc_up_callee
   410                          	GLOBAL _zx_scroll_wc_up
   411                          	GLOBAL _zx_scroll_up_pix_callee
   412                          	GLOBAL _zx_scroll_up_pix
   413                          	GLOBAL _zx_scroll_up_attr_callee
   414                          	GLOBAL _zx_scroll_up_attr
   415                          	GLOBAL _zx_scroll_up_callee
   416                          	GLOBAL _zx_scroll_up
   417                          	GLOBAL _zx_cls_wc_pix_callee
   418                          	GLOBAL _zx_cls_wc_pix
   419                          	GLOBAL _zx_cls_wc_attr_callee
   420                          	GLOBAL _zx_cls_wc_attr
   421                          	GLOBAL _zx_cls_wc_callee
   422                          	GLOBAL _zx_cls_wc
   423                          	GLOBAL _zx_cls_pix_fastcall
   424                          	GLOBAL _zx_cls_pix
   425                          	GLOBAL _zx_cls_attr_fastcall
   426                          	GLOBAL _zx_cls_attr
   427                          	GLOBAL _zx_cls_fastcall
   428                          	GLOBAL _zx_cls
   429                          	GLOBAL _zx_border_fastcall
   430                          	GLOBAL _zx_border
   431                          	GLOBAL _zx_tape_verify_block_callee
   432                          	GLOBAL _zx_tape_verify_block
   433                          	GLOBAL _zx_tape_save_block_callee
   434                          	GLOBAL _zx_tape_save_block
   435                          	GLOBAL _zx_tape_load_block_callee
   436                          	GLOBAL _zx_tape_load_block
   437                          	GLOBAL _GLOBAL_ZX_PORT_7FFD
   438                          	GLOBAL _GLOBAL_ZX_PORT_1FFD
   439                          	GLOBAL _GLOBAL_ZX_PORT_FE
   440                          ;--------------------------------------------------------
   441                          ; special function registers
   442                          ;--------------------------------------------------------
   443                          defc _IO_FE	=	0x00fe
   444                          defc _IO_1FFD	=	0x1ffd
   445                          defc _IO_7FFD	=	0x7ffd
   446                          ;--------------------------------------------------------
   447                          ; ram data
   448                          ;--------------------------------------------------------
   449                          	SECTION bss_compiler
   450                          ;--------------------------------------------------------
   451                          ; ram data
   452                          ;--------------------------------------------------------
   453                          
   454                          IF 0
   455                          
   456                          ; .area _INITIALIZED removed by z88dk
   457                          
   458                          
   459                          ENDIF
   460                          
   461                          ;--------------------------------------------------------
   462                          ; absolute external ram data
   463                          ;--------------------------------------------------------
   464                          	SECTION IGNORE
   465                          ;--------------------------------------------------------
   466                          ; global & static initialisations
   467                          ;--------------------------------------------------------
   468                          	SECTION code_crt_init
   469                          ;--------------------------------------------------------
   470                          ; Home
   471                          ;--------------------------------------------------------
   472                          	SECTION IGNORE
   473                          ;--------------------------------------------------------
   474                          ; code
   475                          ;--------------------------------------------------------
   476                          	SECTION code_compiler
   477                          ;src/main.c:5: int main()
   478                          ;	---------------------------------
   479                          ; Function main
   480                          ; ---------------------------------
   481                          _main:
   482                          ;src/main.c:7: openScrChannel(2);
   483  0000  2e00              	ld	l,0x02
   484  0002  cd0000            	call	_openScrChannel
   485                          ;src/main.c:8: print("a");
   486  0005  210000            	ld	hl,___str_0
   487  0008  cd0000            	call	_print
   488                          ;src/main.c:9: openScrChannel(1);
   489  000b  2e01              	ld	l,0x01
   490  000d  cd0000            	call	_openScrChannel
   491                          ;src/main.c:10: print("b");
   492  0010  210200            	ld	hl,___str_1
   493  0013  cd0000            	call	_print
   494                          ;src/main.c:12: return 0;
   495  0016  210000            	ld	hl,0x0000
   496                          ;src/main.c:13: }
   497  0019  c9                	ret
   498                          	SECTION rodata_compiler
   499                          ___str_0:
   500  0000  61                	DEFM "a"
   501  0001  00                	DEFB 0x00
   502                          	SECTION rodata_compiler
   503                          ___str_1:
   504  0002  62                	DEFM "b"
   505  0003  00                	DEFB 0x00
   506                          	SECTION IGNORE
   507                          
