/tmp/tmpXXJhDfpL.asm:
     1                          MODULE screen_asm
     2                          LINE 0, "src/screen.asm"
src/screen.asm:
                                
     1                          SECTION code_user
     2                          
     3                          PUBLIC _openScrChannel  ; export C decl "extern void openScrChannel(char chain);"
     4                          PUBLIC _print           ; export C decl "extern void print(uint8_t *chain);"
     5                          
     6                          
     7                          _openScrChannel:
     8  0000  7d                    ld a, l
     9  0001  cd0116                call	OPENCHAN
    10  0004  c9                    ret
    11                          
    12                          _print:
    13  0005  7e                    ld a, (hl)
    14  0006  d7                    rst	$10
    15  0007  c9                    ret
    16                          
    17                          
    18                          ; ----------------------------------------------------------------------------
    19                          ; ROM Routine for open chain screen
    20                          ;
    21                          ; Input: A -> Chain	1 = command line
    22                          ; 				    2 = upper screen
    23                          ; ----------------------------------------------------------------------------
    24                          OPENCHAN:		equ $1601
    25                          
